<?xml version="1.0" encoding="UTF-8"?>
<!-- Generated by org.testng.reporters.JUnitXMLReporter -->
<testsuite ignored="0" hostname="RitSanEvan" failures="0" tests="6" name="Default test" time="0.059" errors="0" timestamp="2023-06-13T22:01:38 CDT">
  <testcase classname="test.com.testR05groups" name="testcase1" time="0.01"/>
  <testcase classname="test.com.testR05groups" name="testcase2" time="0.001"/>
  <testcase classname="test.com.testR05groups" name="testcase3" time="0.001"/>
  <testcase classname="test.com.testR05groups" name="testcase4" time="0.002"/>
  <testcase classname="test.com.testR05groups" name="testcase5" time="0.001"/>
  <testcase classname="test.com.testR05groups" name="testcase6" time="0.001"/>
</testsuite> <!-- Default test -->
