<?xml version="1.0" encoding="UTF-8"?>
<!-- Generated by org.testng.reporters.JUnitXMLReporter -->
<testsuite ignored="4" hostname="RitSanEvan" failures="0" tests="2" name="Test" time="0.054" errors="0" timestamp="2023-05-29T13:58:21 CDT">
  <testcase classname="test.com.testR05groups" name="testcase3" time="0.008"/>
  <testcase classname="test.com.testR05groups" name="testcase4" time="0.001"/>
  <testcase classname="test.com.testR05groups" name="testcase6" time="0.0">
    <ignored/>
  </testcase> <!-- testcase6 -->
  <testcase classname="test.com.testR05groups" name="testcase5" time="0.0">
    <ignored/>
  </testcase> <!-- testcase5 -->
  <testcase classname="test.com.testR05groups" name="testcase2" time="0.0">
    <ignored/>
  </testcase> <!-- testcase2 -->
  <testcase classname="test.com.testR05groups" name="testcase1" time="0.0">
    <ignored/>
  </testcase> <!-- testcase1 -->
</testsuite> <!-- Test -->
