<?xml version="1.0" encoding="UTF-8"?>
<!-- Generated by org.testng.reporters.JUnitXMLReporter -->
<testsuite ignored="0" hostname="RitSanEvan" failures="0" tests="4" name="TestNG1,2" time="0.058" errors="0" timestamp="2023-05-01T13:37:45 CDT">
  <testcase classname="test.com.test0R1" name="loginTest" time="0.006"/>
  <testcase classname="test.com.test0R1" name="logoutTest" time="0.001"/>
  <testcase classname="test.com.test0R2" name="login" time="0.002"/>
  <testcase classname="test.com.test0R2" name="logout" time="0.001"/>
</testsuite> <!-- TestNG1,2 -->
