<?xml version="1.0" encoding="UTF-8"?>
<testng-results ignored="0" total="6" passed="6" failed="0" skipped="0">
  <reporter-output>
  </reporter-output>
  <suite started-at="2023-06-13T22:01:38 CDT" name="Default suite" finished-at="2023-06-13T22:01:38 CDT" duration-ms="59">
    <groups>
      <group name="portfolio">
        <method signature="testR05groups.testcase5()[pri:0, instance:test.com.testR05groups@2ea41516]" name="testcase5" class="test.com.testR05groups"/>
        <method signature="testR05groups.testcase6()[pri:0, instance:test.com.testR05groups@2ea41516]" name="testcase6" class="test.com.testR05groups"/>
      </group> <!-- portfolio -->
      <group name="invest">
        <method signature="testR05groups.testcase3()[pri:0, instance:test.com.testR05groups@2ea41516]" name="testcase3" class="test.com.testR05groups"/>
        <method signature="testR05groups.testcase4()[pri:0, instance:test.com.testR05groups@2ea41516]" name="testcase4" class="test.com.testR05groups"/>
      </group> <!-- invest -->
      <group name="login">
        <method signature="testR05groups.testcase1()[pri:0, instance:test.com.testR05groups@2ea41516]" name="testcase1" class="test.com.testR05groups"/>
        <method signature="testR05groups.testcase2()[pri:0, instance:test.com.testR05groups@2ea41516]" name="testcase2" class="test.com.testR05groups"/>
      </group> <!-- login -->
    </groups>
    <test started-at="2023-06-13T22:01:38 CDT" name="Default test" finished-at="2023-06-13T22:01:38 CDT" duration-ms="59">
      <class name="test.com.testR05groups">
        <test-method signature="testcase1()[pri:0, instance:test.com.testR05groups@2ea41516]" started-at="2023-06-13T22:01:38 CDT" name="testcase1" finished-at="2023-06-13T22:01:38 CDT" duration-ms="10" status="PASS">
          <reporter-output>
          </reporter-output>
        </test-method> <!-- testcase1 -->
        <test-method signature="testcase2()[pri:0, instance:test.com.testR05groups@2ea41516]" started-at="2023-06-13T22:01:38 CDT" name="testcase2" finished-at="2023-06-13T22:01:38 CDT" duration-ms="1" status="PASS">
          <reporter-output>
          </reporter-output>
        </test-method> <!-- testcase2 -->
        <test-method signature="testcase3()[pri:0, instance:test.com.testR05groups@2ea41516]" started-at="2023-06-13T22:01:38 CDT" name="testcase3" finished-at="2023-06-13T22:01:38 CDT" duration-ms="1" status="PASS">
          <reporter-output>
          </reporter-output>
        </test-method> <!-- testcase3 -->
        <test-method signature="testcase4()[pri:0, instance:test.com.testR05groups@2ea41516]" started-at="2023-06-13T22:01:38 CDT" name="testcase4" finished-at="2023-06-13T22:01:38 CDT" duration-ms="2" status="PASS">
          <reporter-output>
          </reporter-output>
        </test-method> <!-- testcase4 -->
        <test-method signature="testcase5()[pri:0, instance:test.com.testR05groups@2ea41516]" started-at="2023-06-13T22:01:38 CDT" name="testcase5" finished-at="2023-06-13T22:01:38 CDT" duration-ms="1" status="PASS">
          <reporter-output>
          </reporter-output>
        </test-method> <!-- testcase5 -->
        <test-method signature="testcase6()[pri:0, instance:test.com.testR05groups@2ea41516]" started-at="2023-06-13T22:01:38 CDT" name="testcase6" finished-at="2023-06-13T22:01:38 CDT" duration-ms="1" status="PASS">
          <reporter-output>
          </reporter-output>
        </test-method> <!-- testcase6 -->
      </class> <!-- test.com.testR05groups -->
    </test> <!-- Default test -->
  </suite> <!-- Default suite -->
</testng-results>
